<?xml version="1.0" encoding="UTF-8"?>
<!-- Generated by org.testng.reporters.JUnitXMLReporter -->
<testsuite ignored="2" hostname="LAPTOP-HGPFVRNA" failures="0" tests="2" name="Test" time="9.296" errors="0" timestamp="2023-01-02T17:41:06 IST">
  <testcase classname="Pack1.c1" name="im" time="2.69"/>
  <testcase classname="Pack1.c2" name="slider" time="6.569"/>
  <testcase classname="Pack2.c3" name="dragndrop" time="0.0">
    <ignored/>
  </testcase> <!-- dragndrop -->
  <testcase classname="Pack2.c4" name="implicit" time="0.0">
    <ignored/>
  </testcase> <!-- implicit -->
</testsuite> <!-- Test -->
