<?xml version="1.0" encoding="UTF-8"?>
<!-- Generated by org.testng.reporters.JUnitXMLReporter -->
<testsuite ignored="0" hostname="LAPTOP-HGPFVRNA" failures="0" tests="4" name="Testparallel" time="20.726" errors="0" timestamp="2023-01-02T17:42:34 IST">
  <testcase classname="Pack1.c1" name="im" time="6.789"/>
  <testcase classname="Pack2.c3" name="dragndrop" time="18.312"/>
  <testcase classname="Pack1.c2" name="slider" time="19.796"/>
  <testcase classname="Pack2.c4" name="implicit" time="20.682"/>
</testsuite> <!-- Testparallel -->
