<?xml version="1.0" encoding="UTF-8"?>
<testng-results ignored="0" total="1" passed="1" failed="0" skipped="0">
  <reporter-output>
  </reporter-output>
  <suite started-at="2023-01-09T11:41:13 IST" name="Default suite" finished-at="2023-01-09T11:41:16 IST" duration-ms="3054">
    <groups>
    </groups>
    <test started-at="2023-01-09T11:41:13 IST" name="Default test" finished-at="2023-01-09T11:41:16 IST" duration-ms="3054">
      <class name="extent.e1">
        <test-method is-config="true" signature="startTest()[pri:0, instance:extent.e1@6a28ffa4]" started-at="2023-01-09T11:41:13 IST" name="startTest" finished-at="2023-01-09T11:41:13 IST" duration-ms="139" status="PASS">
          <reporter-output>
          </reporter-output>
        </test-method> <!-- startTest -->
        <test-method signature="extentReportsDemo()[pri:0, instance:extent.e1@6a28ffa4]" started-at="2023-01-09T11:41:13 IST" name="extentReportsDemo" finished-at="2023-01-09T11:41:16 IST" duration-ms="2643" status="PASS">
          <reporter-output>
          </reporter-output>
        </test-method> <!-- extentReportsDemo -->
        <test-method is-config="true" signature="endTest()[pri:0, instance:extent.e1@6a28ffa4]" started-at="2023-01-09T11:41:16 IST" name="endTest" finished-at="2023-01-09T11:41:16 IST" duration-ms="226" status="PASS">
          <reporter-output>
          </reporter-output>
        </test-method> <!-- endTest -->
      </class> <!-- extent.e1 -->
    </test> <!-- Default test -->
  </suite> <!-- Default suite -->
</testng-results>
